

================================================================
== Vivado HLS Report for 'cordic'
================================================================
* Date:           Wed May  4 21:44:30 2022

* Version:        2020.1 (Build 2897737 on Wed May 27 20:21:37 MDT 2020)
* Project:        cordic_fixed
* Solution:       solution1
* Product family: zynq
* Target device:  xc7z020-clg400-1


================================================================
== Performance Estimates
================================================================
+ Timing: 
    * Summary: 
    +--------+----------+----------+------------+
    |  Clock |  Target  | Estimated| Uncertainty|
    +--------+----------+----------+------------+
    |ap_clk  | 10.00 ns | 5.777 ns |   1.25 ns  |
    +--------+----------+----------+------------+

+ Latency: 
    * Summary: 
    +---------+---------+----------+----------+-----+-----+---------+
    |  Latency (cycles) |  Latency (absolute) |  Interval | Pipeline|
    |   min   |   max   |    min   |    max   | min | max |   Type  |
    +---------+---------+----------+----------+-----+-----+---------+
    |       18|       18| 0.180 us | 0.180 us |   18|   18|   none  |
    +---------+---------+----------+----------+-----+-----+---------+

    + Detail: 
        * Instance: 
        N/A

        * Loop: 
        +-----------------+---------+---------+----------+-----------+-----------+------+----------+
        |                 |  Latency (cycles) | Iteration|  Initiation Interval  | Trip |          |
        |    Loop Name    |   min   |   max   |  Latency |  achieved |   target  | Count| Pipelined|
        +-----------------+---------+---------+----------+-----------+-----------+------+----------+
        |- cordic_label0  |       16|       16|         2|          1|          1|    16|    yes   |
        +-----------------+---------+---------+----------+-----------+-----------+------+----------+



================================================================
== Utilization Estimates
================================================================
* Summary: 
+-----------------+---------+-------+--------+-------+-----+
|       Name      | BRAM_18K| DSP48E|   FF   |  LUT  | URAM|
+-----------------+---------+-------+--------+-------+-----+
|DSP              |        -|      -|       -|      -|    -|
|Expression       |        -|      -|       0|    190|    -|
|FIFO             |        -|      -|       -|      -|    -|
|Instance         |        -|      -|       -|      -|    -|
|Memory           |        0|      -|       9|      9|    -|
|Multiplexer      |        -|      -|       -|     81|    -|
|Register         |        -|      -|      46|      -|    -|
+-----------------+---------+-------+--------+-------+-----+
|Total            |        0|      0|      55|    280|    0|
+-----------------+---------+-------+--------+-------+-----+
|Available        |      280|    220|  106400|  53200|    0|
+-----------------+---------+-------+--------+-------+-----+
|Utilization (%)  |        0|      0|   ~0   |   ~0  |    0|
+-----------------+---------+-------+--------+-------+-----+

+ Detail: 
    * Instance: 
    N/A

    * DSP48E: 
    N/A

    * Memory: 
    +------------------+----------------------+---------+---+----+-----+------+-----+------+-------------+
    |      Memory      |        Module        | BRAM_18K| FF| LUT| URAM| Words| Bits| Banks| W*Bits*Banks|
    +------------------+----------------------+---------+---+----+-----+------+-----+------+-------------+
    |cordic_phase_V_U  |cordic_cordic_phabkb  |        0|  9|   9|    0|    64|    9|     1|          576|
    +------------------+----------------------+---------+---+----+-----+------+-----+------+-------------+
    |Total             |                      |        0|  9|   9|    0|    64|    9|     1|          576|
    +------------------+----------------------+---------+---+----+-----+------+-----+------+-------------+

    * FIFO: 
    N/A

    * Expression: 
    +---------------------------+----------+-------+---+----+------------+------------+
    |       Variable Name       | Operation| DSP48E| FF| LUT| Bitwidth P0| Bitwidth P1|
    +---------------------------+----------+-------+---+----+------------+------------+
    |add_ln703_fu_212_p2        |     +    |      0|  0|  14|          10|          10|
    |current_cos_V_1_fu_200_p2  |     +    |      0|  0|  14|          10|          10|
    |current_sin_V_fu_184_p2    |     +    |      0|  0|  14|          10|          10|
    |j_fu_143_p2                |     +    |      0|  0|  15|           5|           1|
    |current_cos_V_fu_178_p2    |     -    |      0|  0|  14|          10|          10|
    |current_sin_V_1_fu_206_p2  |     -    |      0|  0|  14|          10|          10|
    |sub_ln703_fu_194_p2        |     -    |      0|  0|  14|          10|          10|
    |r_V_1_fu_164_p2            |   ashr   |      0|  0|  23|          10|          10|
    |r_V_fu_158_p2              |   ashr   |      0|  0|  23|          10|          10|
    |icmp_ln17_fu_137_p2        |   icmp   |      0|  0|  11|           5|           6|
    |current_cos_V_2_fu_226_p3  |  select  |      0|  0|  10|           1|          10|
    |current_sin_V_2_fu_218_p3  |  select  |      0|  0|  10|           1|          10|
    |select_ln1496_fu_234_p3    |  select  |      0|  0|  10|           1|          10|
    |ap_enable_pp0              |    xor   |      0|  0|   2|           1|           2|
    |ap_enable_reg_pp0_iter1    |    xor   |      0|  0|   2|           2|           1|
    +---------------------------+----------+-------+---+----+------------+------------+
    |Total                      |          |      0|  0| 190|          96|         120|
    +---------------------------+----------+-------+---+----+------------+------------+

    * Multiplexer: 
    +------------------------------+----+-----------+-----+-----------+
    |             Name             | LUT| Input Size| Bits| Total Bits|
    +------------------------------+----+-----------+-----+-----------+
    |ap_NS_fsm                     |  21|          4|    1|          4|
    |ap_enable_reg_pp0_iter1       |  15|          3|    1|          3|
    |ap_phi_mux_ush_phi_fu_129_p4  |   9|          2|    5|         10|
    |p_Val2_2_reg_99               |   9|          2|   10|         20|
    |p_Val2_4_reg_89               |   9|          2|   10|         20|
    |p_Val2_s_reg_112              |   9|          2|   10|         20|
    |ush_reg_125                   |   9|          2|    5|         10|
    +------------------------------+----+-----------+-----+-----------+
    |Total                         |  81|         17|   42|         87|
    +------------------------------+----+-----------+-----+-----------+

    * Register: 
    +-------------------------+----+----+-----+-----------+
    |           Name          | FF | LUT| Bits| Const Bits|
    +-------------------------+----+----+-----+-----------+
    |ap_CS_fsm                |   3|   0|    3|          0|
    |ap_enable_reg_pp0_iter0  |   1|   0|    1|          0|
    |ap_enable_reg_pp0_iter1  |   1|   0|    1|          0|
    |icmp_ln17_reg_247        |   1|   0|    1|          0|
    |j_reg_251                |   5|   0|    5|          0|
    |p_Val2_2_reg_99          |  10|   0|   10|          0|
    |p_Val2_4_reg_89          |  10|   0|   10|          0|
    |p_Val2_s_reg_112         |  10|   0|   10|          0|
    |ush_reg_125              |   5|   0|    5|          0|
    +-------------------------+----+----+-----+-----------+
    |Total                    |  46|   0|   46|          0|
    +-------------------------+----+----+-----+-----------+



================================================================
== Interface
================================================================
* Summary: 
+------------+-----+-----+------------+--------------+--------------+
|  RTL Ports | Dir | Bits|  Protocol  | Source Object|    C Type    |
+------------+-----+-----+------------+--------------+--------------+
|ap_clk      |  in |    1| ap_ctrl_hs |    cordic    | return value |
|ap_rst      |  in |    1| ap_ctrl_hs |    cordic    | return value |
|ap_start    |  in |    1| ap_ctrl_hs |    cordic    | return value |
|ap_done     | out |    1| ap_ctrl_hs |    cordic    | return value |
|ap_idle     | out |    1| ap_ctrl_hs |    cordic    | return value |
|ap_ready    | out |    1| ap_ctrl_hs |    cordic    | return value |
|theta_V     |  in |   10|   ap_none  |    theta_V   |    scalar    |
|s_V         | out |   10|   ap_vld   |      s_V     |    pointer   |
|s_V_ap_vld  | out |    1|   ap_vld   |      s_V     |    pointer   |
|c_V         | out |   10|   ap_vld   |      c_V     |    pointer   |
|c_V_ap_vld  | out |    1|   ap_vld   |      c_V     |    pointer   |
+------------+-----+-----+------------+--------------+--------------+

