

================================================================
== Vivado HLS Report for 'one_stage26'
================================================================
* Date:           Thu May  5 03:03:16 2022

* Version:        2020.1 (Build 2897737 on Wed May 27 20:21:37 MDT 2020)
* Project:        cordic_task_pipeline
* Solution:       solution1
* Product family: zynq
* Target device:  xc7z020-clg400-1


================================================================
== Performance Estimates
================================================================
+ Timing: 
    * Summary: 
    +--------+----------+----------+------------+
    |  Clock |  Target  | Estimated| Uncertainty|
    +--------+----------+----------+------------+
    |ap_clk  | 10.00 ns | 5.365 ns |   1.25 ns  |
    +--------+----------+----------+------------+

+ Latency: 
    * Summary: 
    +---------+---------+-----------+-----------+-----+-----+---------+
    |  Latency (cycles) |   Latency (absolute)  |  Interval | Pipeline|
    |   min   |   max   |    min    |    max    | min | max |   Type  |
    +---------+---------+-----------+-----------+-----+-----+---------+
    |        1|        1| 10.000 ns | 10.000 ns |    1|    1|   none  |
    +---------+---------+-----------+-----------+-----+-----+---------+

    + Detail: 
        * Instance: 
        N/A

        * Loop: 
        N/A

============================================================
+ Verbose Summary: Synthesis Manager
============================================================
InlineROM: 1
ExposeGlobal: 0
============================================================
+ Verbose Summary: CDFG Model
============================================================
IsTopModel: 0
ResetActiveHigh: 1
IsCombinational: 2
IsDatapathOnly: 0
HasWiredReturn: 1
HasMFsm: 0
HasVarLatency: 1
IsPipeline: 0
IsRtlPipelined: 0
IsInstanceOverlapped: 0
IsDontTouch: 0
HasImplIP: 0
IsGatedGlobalClock: 0


============================================================
+ Verbose Summary: Schedule
============================================================
* Number of FSM states : 2
* Pipeline : 0
* Dataflow Pipeline: 0

* FSM state transitions: 
1 --> 2 
2 --> 

* FSM state operations: 

State 1 <SV = 0> <Delay = 3.63>
ST_1 : Operation 3 [1/1] (0.00ns)   --->   "%empty = call i32 (...)* @_ssdm_op_SpecInterface(i10* %s_output_theta_V_V, [8 x i8]* @ap_fifo_str, i32 0, i32 0, [1 x i8]* @p_str, i32 0, i32 0, [1 x i8]* @p_str, [1 x i8]* @p_str, [1 x i8]* @p_str, i32 2, i32 2, i32 16, i32 16, [1 x i8]* @p_str, [1 x i8]* @p_str)"   --->   Operation 3 'specinterface' 'empty' <Predicate = true> <Delay = 0.00>
ST_1 : Operation 4 [1/1] (0.00ns)   --->   "%empty_46 = call i32 (...)* @_ssdm_op_SpecInterface(i10* %s_output_sin_V_V, [8 x i8]* @ap_fifo_str, i32 0, i32 0, [1 x i8]* @p_str, i32 0, i32 0, [1 x i8]* @p_str, [1 x i8]* @p_str, [1 x i8]* @p_str, i32 2, i32 2, i32 16, i32 16, [1 x i8]* @p_str, [1 x i8]* @p_str)"   --->   Operation 4 'specinterface' 'empty_46' <Predicate = true> <Delay = 0.00>
ST_1 : Operation 5 [1/1] (0.00ns)   --->   "%empty_47 = call i32 (...)* @_ssdm_op_SpecInterface(i10* %s_output_cos_V_V, [8 x i8]* @ap_fifo_str, i32 0, i32 0, [1 x i8]* @p_str, i32 0, i32 0, [1 x i8]* @p_str, [1 x i8]* @p_str, [1 x i8]* @p_str, i32 2, i32 2, i32 16, i32 16, [1 x i8]* @p_str, [1 x i8]* @p_str)"   --->   Operation 5 'specinterface' 'empty_47' <Predicate = true> <Delay = 0.00>
ST_1 : Operation 6 [1/1] (0.00ns)   --->   "%empty_48 = call i32 (...)* @_ssdm_op_SpecInterface(i10* %s_current_theta_V_V, [8 x i8]* @ap_fifo_str, i32 0, i32 0, [1 x i8]* @p_str, i32 0, i32 0, [1 x i8]* @p_str, [1 x i8]* @p_str, [1 x i8]* @p_str, i32 2, i32 2, i32 16, i32 16, [1 x i8]* @p_str, [1 x i8]* @p_str)"   --->   Operation 6 'specinterface' 'empty_48' <Predicate = true> <Delay = 0.00>
ST_1 : Operation 7 [1/1] (0.00ns)   --->   "%empty_49 = call i32 (...)* @_ssdm_op_SpecInterface(i10* %s_current_sin_V_V, [8 x i8]* @ap_fifo_str, i32 0, i32 0, [1 x i8]* @p_str, i32 0, i32 0, [1 x i8]* @p_str, [1 x i8]* @p_str, [1 x i8]* @p_str, i32 2, i32 2, i32 16, i32 16, [1 x i8]* @p_str, [1 x i8]* @p_str)"   --->   Operation 7 'specinterface' 'empty_49' <Predicate = true> <Delay = 0.00>
ST_1 : Operation 8 [1/1] (0.00ns)   --->   "%empty_50 = call i32 (...)* @_ssdm_op_SpecInterface(i10* %s_current_cos_V_V, [8 x i8]* @ap_fifo_str, i32 0, i32 0, [1 x i8]* @p_str, i32 0, i32 0, [1 x i8]* @p_str, [1 x i8]* @p_str, [1 x i8]* @p_str, i32 2, i32 2, i32 16, i32 16, [1 x i8]* @p_str, [1 x i8]* @p_str)"   --->   Operation 8 'specinterface' 'empty_50' <Predicate = true> <Delay = 0.00>
ST_1 : Operation 9 [1/1] (3.63ns)   --->   "%tmp_V_82 = call i10 @_ssdm_op_Read.ap_fifo.volatile.i10P(i10* %s_current_cos_V_V)" [cordic_task_pipeline/cordic.cpp:15]   --->   Operation 9 'read' 'tmp_V_82' <Predicate = true> <Delay = 3.63> <Core = "FIFO">   --->   Core 32 'FIFO' <Latency = 0> <II = 1> <Delay = 3.63> <Storage> <Opcode : 'read' 'write' 'nbread' 'nbwrite'> <Ports = 0> <Width = 10> <Depth = 2> <FIFO>
ST_1 : Operation 10 [1/1] (3.63ns)   --->   "%tmp_V_83 = call i10 @_ssdm_op_Read.ap_fifo.volatile.i10P(i10* %s_current_sin_V_V)" [cordic_task_pipeline/cordic.cpp:16]   --->   Operation 10 'read' 'tmp_V_83' <Predicate = true> <Delay = 3.63> <Core = "FIFO">   --->   Core 32 'FIFO' <Latency = 0> <II = 1> <Delay = 3.63> <Storage> <Opcode : 'read' 'write' 'nbread' 'nbwrite'> <Ports = 0> <Width = 10> <Depth = 2> <FIFO>
ST_1 : Operation 11 [1/1] (3.63ns)   --->   "%tmp_V_84 = call i10 @_ssdm_op_Read.ap_fifo.volatile.i10P(i10* %s_current_theta_V_V)" [cordic_task_pipeline/cordic.cpp:17]   --->   Operation 11 'read' 'tmp_V_84' <Predicate = true> <Delay = 3.63> <Core = "FIFO">   --->   Core 32 'FIFO' <Latency = 0> <II = 1> <Delay = 3.63> <Storage> <Opcode : 'read' 'write' 'nbread' 'nbwrite'> <Ports = 0> <Width = 10> <Depth = 2> <FIFO>
ST_1 : Operation 12 [1/1] (0.00ns)   --->   "%trunc_ln = call i4 @_ssdm_op_PartSelect.i4.i10.i32.i32(i10 %tmp_V_82, i32 6, i32 9)" [cordic_task_pipeline/cordic.cpp:19]   --->   Operation 12 'partselect' 'trunc_ln' <Predicate = true> <Delay = 0.00>
ST_1 : Operation 13 [1/1] (0.00ns)   --->   "%r_V = sext i4 %trunc_ln to i10" [cordic_task_pipeline/cordic.cpp:19]   --->   Operation 13 'sext' 'r_V' <Predicate = true> <Delay = 0.00>
ST_1 : Operation 14 [1/1] (0.00ns)   --->   "%trunc_ln1333_9 = call i4 @_ssdm_op_PartSelect.i4.i10.i32.i32(i10 %tmp_V_83, i32 6, i32 9)" [cordic_task_pipeline/cordic.cpp:20]   --->   Operation 14 'partselect' 'trunc_ln1333_9' <Predicate = true> <Delay = 0.00>
ST_1 : Operation 15 [1/1] (0.00ns)   --->   "%r_V_9 = sext i4 %trunc_ln1333_9 to i10" [cordic_task_pipeline/cordic.cpp:20]   --->   Operation 15 'sext' 'r_V_9' <Predicate = true> <Delay = 0.00>
ST_1 : Operation 16 [1/1] (0.00ns)   --->   "%tmp = call i1 @_ssdm_op_BitSelect.i1.i10.i32(i10 %tmp_V_84, i32 9)" [cordic_task_pipeline/cordic.cpp:22]   --->   Operation 16 'bitselect' 'tmp' <Predicate = true> <Delay = 0.00>
ST_1 : Operation 17 [1/1] (0.00ns)   --->   "br i1 %tmp, label %_ZN13ap_fixed_baseILi11ELi2ELb1EL9ap_q_mode5EL9ap_o_mode3ELi0EEC1ILi10ELi1ELb1ELS0_5ELS1_3ELi0EEERKS_IXT_EXT0_EXT1_EXT2_EXT3_EXT4_EE.exit9.i71, label %_ZN13ap_fixed_baseILi11ELi2ELb1EL9ap_q_mode5EL9ap_o_mode3ELi0EEC1ILi10ELi1ELb1ELS0_5ELS1_3ELi0EEERKS_IXT_EXT0_EXT1_EXT2_EXT3_EXT4_EE.exit9.i94" [cordic_task_pipeline/cordic.cpp:22]   --->   Operation 17 'br' <Predicate = true> <Delay = 0.00>

State 2 <SV = 1> <Delay = 5.36>
ST_2 : Operation 18 [1/1] (1.73ns)   --->   "%c_V = sub i10 %tmp_V_82, %r_V_9" [cordic_task_pipeline/cordic.cpp:24]   --->   Operation 18 'sub' 'c_V' <Predicate = (!tmp)> <Delay = 1.73> <Core = "AddSub">   --->   Core 14 'AddSub' <Latency = 0> <II = 1> <Delay = 1.73> <FuncUnit> <Opcode : 'add' 'sub'> <InPorts = 2> <OutPorts = 1>
ST_2 : Operation 19 [1/1] (1.73ns)   --->   "%s_V = add i10 %tmp_V_83, %r_V" [cordic_task_pipeline/cordic.cpp:25]   --->   Operation 19 'add' 's_V' <Predicate = (!tmp)> <Delay = 1.73> <Core = "AddSub">   --->   Core 14 'AddSub' <Latency = 0> <II = 1> <Delay = 1.73> <FuncUnit> <Opcode : 'add' 'sub'> <InPorts = 2> <OutPorts = 1>
ST_2 : Operation 20 [1/1] (1.73ns)   --->   "%t_V = add i10 %tmp_V_84, -7" [cordic_task_pipeline/cordic.cpp:26]   --->   Operation 20 'add' 't_V' <Predicate = (!tmp)> <Delay = 1.73> <Core = "AddSub">   --->   Core 14 'AddSub' <Latency = 0> <II = 1> <Delay = 1.73> <FuncUnit> <Opcode : 'add' 'sub'> <InPorts = 2> <OutPorts = 1>
ST_2 : Operation 21 [1/1] (3.63ns)   --->   "call void @_ssdm_op_Write.ap_fifo.volatile.i10P(i10* %s_output_cos_V_V, i10 %c_V)" [cordic_task_pipeline/cordic.cpp:27]   --->   Operation 21 'write' <Predicate = (!tmp)> <Delay = 3.63> <Core = "FIFO">   --->   Core 32 'FIFO' <Latency = 0> <II = 1> <Delay = 3.63> <Storage> <Opcode : 'read' 'write' 'nbread' 'nbwrite'> <Ports = 0> <Width = 10> <Depth = 2> <FIFO>
ST_2 : Operation 22 [1/1] (3.63ns)   --->   "call void @_ssdm_op_Write.ap_fifo.volatile.i10P(i10* %s_output_sin_V_V, i10 %s_V)" [cordic_task_pipeline/cordic.cpp:28]   --->   Operation 22 'write' <Predicate = (!tmp)> <Delay = 3.63> <Core = "FIFO">   --->   Core 32 'FIFO' <Latency = 0> <II = 1> <Delay = 3.63> <Storage> <Opcode : 'read' 'write' 'nbread' 'nbwrite'> <Ports = 0> <Width = 10> <Depth = 2> <FIFO>
ST_2 : Operation 23 [1/1] (3.63ns)   --->   "call void @_ssdm_op_Write.ap_fifo.volatile.i10P(i10* %s_output_theta_V_V, i10 %t_V)" [cordic_task_pipeline/cordic.cpp:29]   --->   Operation 23 'write' <Predicate = (!tmp)> <Delay = 3.63> <Core = "FIFO">   --->   Core 32 'FIFO' <Latency = 0> <II = 1> <Delay = 3.63> <Storage> <Opcode : 'read' 'write' 'nbread' 'nbwrite'> <Ports = 0> <Width = 10> <Depth = 2> <FIFO>
ST_2 : Operation 24 [1/1] (0.00ns)   --->   "br label %0" [cordic_task_pipeline/cordic.cpp:31]   --->   Operation 24 'br' <Predicate = (!tmp)> <Delay = 0.00>
ST_2 : Operation 25 [1/1] (1.73ns)   --->   "%c_V_9 = add i10 %tmp_V_82, %r_V_9" [cordic_task_pipeline/cordic.cpp:32]   --->   Operation 25 'add' 'c_V_9' <Predicate = (tmp)> <Delay = 1.73> <Core = "AddSub">   --->   Core 14 'AddSub' <Latency = 0> <II = 1> <Delay = 1.73> <FuncUnit> <Opcode : 'add' 'sub'> <InPorts = 2> <OutPorts = 1>
ST_2 : Operation 26 [1/1] (1.73ns)   --->   "%s_V_9 = sub i10 %tmp_V_83, %r_V" [cordic_task_pipeline/cordic.cpp:33]   --->   Operation 26 'sub' 's_V_9' <Predicate = (tmp)> <Delay = 1.73> <Core = "AddSub">   --->   Core 14 'AddSub' <Latency = 0> <II = 1> <Delay = 1.73> <FuncUnit> <Opcode : 'add' 'sub'> <InPorts = 2> <OutPorts = 1>
ST_2 : Operation 27 [1/1] (1.73ns)   --->   "%t_V_3 = add i10 %tmp_V_84, 7" [cordic_task_pipeline/cordic.cpp:34]   --->   Operation 27 'add' 't_V_3' <Predicate = (tmp)> <Delay = 1.73> <Core = "AddSub">   --->   Core 14 'AddSub' <Latency = 0> <II = 1> <Delay = 1.73> <FuncUnit> <Opcode : 'add' 'sub'> <InPorts = 2> <OutPorts = 1>
ST_2 : Operation 28 [1/1] (3.63ns)   --->   "call void @_ssdm_op_Write.ap_fifo.volatile.i10P(i10* %s_output_cos_V_V, i10 %c_V_9)" [cordic_task_pipeline/cordic.cpp:35]   --->   Operation 28 'write' <Predicate = (tmp)> <Delay = 3.63> <Core = "FIFO">   --->   Core 32 'FIFO' <Latency = 0> <II = 1> <Delay = 3.63> <Storage> <Opcode : 'read' 'write' 'nbread' 'nbwrite'> <Ports = 0> <Width = 10> <Depth = 2> <FIFO>
ST_2 : Operation 29 [1/1] (3.63ns)   --->   "call void @_ssdm_op_Write.ap_fifo.volatile.i10P(i10* %s_output_sin_V_V, i10 %s_V_9)" [cordic_task_pipeline/cordic.cpp:36]   --->   Operation 29 'write' <Predicate = (tmp)> <Delay = 3.63> <Core = "FIFO">   --->   Core 32 'FIFO' <Latency = 0> <II = 1> <Delay = 3.63> <Storage> <Opcode : 'read' 'write' 'nbread' 'nbwrite'> <Ports = 0> <Width = 10> <Depth = 2> <FIFO>
ST_2 : Operation 30 [1/1] (3.63ns)   --->   "call void @_ssdm_op_Write.ap_fifo.volatile.i10P(i10* %s_output_theta_V_V, i10 %t_V_3)" [cordic_task_pipeline/cordic.cpp:37]   --->   Operation 30 'write' <Predicate = (tmp)> <Delay = 3.63> <Core = "FIFO">   --->   Core 32 'FIFO' <Latency = 0> <II = 1> <Delay = 3.63> <Storage> <Opcode : 'read' 'write' 'nbread' 'nbwrite'> <Ports = 0> <Width = 10> <Depth = 2> <FIFO>
ST_2 : Operation 31 [1/1] (0.00ns)   --->   "br label %0"   --->   Operation 31 'br' <Predicate = (tmp)> <Delay = 0.00>
ST_2 : Operation 32 [1/1] (0.00ns)   --->   "ret void" [cordic_task_pipeline/cordic.cpp:40]   --->   Operation 32 'ret' <Predicate = true> <Delay = 0.00>


============================================================
+ Verbose Summary: Binding
============================================================
STG Binding: 
---------------- STG Properties BEGIN ----------------
- Is combinational: 0
- Is one-state seq: 0
- Is datapath-only: 0
- Is pipelined: 0
- Is top level: 0
Port [ Return ] is wired: 1; IO mode=ap_ctrl_hs:ce=0
Port [ s_current_cos_V_V]:  wired=1; compound=1; hidden=0; nouse=0; global=0; static=0; extern=0; dir=0; type=3; pingpong=0; private_global=0; IO mode=ap_fifo:ce=0
Port [ s_current_sin_V_V]:  wired=1; compound=1; hidden=0; nouse=0; global=0; static=0; extern=0; dir=0; type=3; pingpong=0; private_global=0; IO mode=ap_fifo:ce=0
Port [ s_current_theta_V_V]:  wired=1; compound=1; hidden=0; nouse=0; global=0; static=0; extern=0; dir=0; type=3; pingpong=0; private_global=0; IO mode=ap_fifo:ce=0
Port [ s_output_cos_V_V]:  wired=1; compound=1; hidden=0; nouse=0; global=0; static=0; extern=0; dir=1; type=3; pingpong=0; private_global=0; IO mode=ap_fifo:ce=0
Port [ s_output_sin_V_V]:  wired=1; compound=1; hidden=0; nouse=0; global=0; static=0; extern=0; dir=1; type=3; pingpong=0; private_global=0; IO mode=ap_fifo:ce=0
Port [ s_output_theta_V_V]:  wired=1; compound=1; hidden=0; nouse=0; global=0; static=0; extern=0; dir=1; type=3; pingpong=0; private_global=0; IO mode=ap_fifo:ce=0
---------------- STG Properties END ------------------

---------------- Datapath Model BEGIN ----------------

<LifeTime>
<method=bitvector/>
empty          (specinterface) [ 000]
empty_46       (specinterface) [ 000]
empty_47       (specinterface) [ 000]
empty_48       (specinterface) [ 000]
empty_49       (specinterface) [ 000]
empty_50       (specinterface) [ 000]
tmp_V_82       (read         ) [ 001]
tmp_V_83       (read         ) [ 001]
tmp_V_84       (read         ) [ 001]
trunc_ln       (partselect   ) [ 000]
r_V            (sext         ) [ 001]
trunc_ln1333_9 (partselect   ) [ 000]
r_V_9          (sext         ) [ 001]
tmp            (bitselect    ) [ 001]
br_ln22        (br           ) [ 000]
c_V            (sub          ) [ 000]
s_V            (add          ) [ 000]
t_V            (add          ) [ 000]
write_ln27     (write        ) [ 000]
write_ln28     (write        ) [ 000]
write_ln29     (write        ) [ 000]
br_ln31        (br           ) [ 000]
c_V_9          (add          ) [ 000]
s_V_9          (sub          ) [ 000]
t_V_3          (add          ) [ 000]
write_ln35     (write        ) [ 000]
write_ln36     (write        ) [ 000]
write_ln37     (write        ) [ 000]
br_ln0         (br           ) [ 000]
ret_ln40       (ret          ) [ 000]
</LifeTime>

<model>

<comp_list>
<comp id="0" class="1000" name="s_current_cos_V_V">
<pin_list>
<pin id="1" dir="1" index="0" bw="1" slack="0"/>
</pin_list>
<bind>
<StgValue><ssdm name="s_current_cos_V_V"/></StgValue>
</bind>
</comp>

<comp id="2" class="1000" name="s_current_sin_V_V">
<pin_list>
<pin id="3" dir="1" index="0" bw="1" slack="0"/>
</pin_list>
<bind>
<StgValue><ssdm name="s_current_sin_V_V"/></StgValue>
</bind>
</comp>

<comp id="4" class="1000" name="s_current_theta_V_V">
<pin_list>
<pin id="5" dir="1" index="0" bw="1" slack="0"/>
</pin_list>
<bind>
<StgValue><ssdm name="s_current_theta_V_V"/></StgValue>
</bind>
</comp>

<comp id="6" class="1000" name="s_output_cos_V_V">
<pin_list>
<pin id="7" dir="1" index="0" bw="1" slack="0"/>
</pin_list>
<bind>
<StgValue><ssdm name="s_output_cos_V_V"/></StgValue>
</bind>
</comp>

<comp id="8" class="1000" name="s_output_sin_V_V">
<pin_list>
<pin id="9" dir="1" index="0" bw="1" slack="0"/>
</pin_list>
<bind>
<StgValue><ssdm name="s_output_sin_V_V"/></StgValue>
</bind>
</comp>

<comp id="10" class="1000" name="s_output_theta_V_V">
<pin_list>
<pin id="11" dir="1" index="0" bw="1" slack="0"/>
</pin_list>
<bind>
<StgValue><ssdm name="s_output_theta_V_V"/></StgValue>
</bind>
</comp>

<comp id="12" class="1001" name="const_12">
<pin_list>
<pin id="13" dir="1" index="0" bw="1" slack="2147483647"/>
</pin_list>
<bind>
<StgValue><ssdm name="_ssdm_op_SpecInterface"/></StgValue>
</bind>
</comp>

<comp id="14" class="1001" name="const_14">
<pin_list>
<pin id="15" dir="1" index="0" bw="1" slack="2147483647"/>
</pin_list>
<bind>
<StgValue><ssdm name="ap_fifo_str"/></StgValue>
</bind>
</comp>

<comp id="16" class="1001" name="const_16">
<pin_list>
<pin id="17" dir="1" index="0" bw="1" slack="2147483647"/>
</pin_list>
<bind>
<StgValue><ssdm name=""/></StgValue>
</bind>
</comp>

<comp id="18" class="1001" name="const_18">
<pin_list>
<pin id="19" dir="1" index="0" bw="1" slack="2147483647"/>
</pin_list>
<bind>
<StgValue><ssdm name="p_str"/></StgValue>
</bind>
</comp>

<comp id="20" class="1001" name="const_20">
<pin_list>
<pin id="21" dir="1" index="0" bw="1" slack="2147483647"/>
</pin_list>
<bind>
<StgValue><ssdm name=""/></StgValue>
</bind>
</comp>

<comp id="22" class="1001" name="const_22">
<pin_list>
<pin id="23" dir="1" index="0" bw="1" slack="2147483647"/>
</pin_list>
<bind>
<StgValue><ssdm name=""/></StgValue>
</bind>
</comp>

<comp id="24" class="1001" name="const_24">
<pin_list>
<pin id="25" dir="1" index="0" bw="1" slack="0"/>
</pin_list>
<bind>
<StgValue><ssdm name="_ssdm_op_Read.ap_fifo.volatile.i10P"/></StgValue>
</bind>
</comp>

<comp id="26" class="1001" name="const_26">
<pin_list>
<pin id="27" dir="1" index="0" bw="1" slack="0"/>
</pin_list>
<bind>
<StgValue><ssdm name="_ssdm_op_PartSelect.i4.i10.i32.i32"/></StgValue>
</bind>
</comp>

<comp id="28" class="1001" name="const_28">
<pin_list>
<pin id="29" dir="1" index="0" bw="1" slack="0"/>
</pin_list>
<bind>
<StgValue><ssdm name=""/></StgValue>
</bind>
</comp>

<comp id="30" class="1001" name="const_30">
<pin_list>
<pin id="31" dir="1" index="0" bw="1" slack="0"/>
</pin_list>
<bind>
<StgValue><ssdm name=""/></StgValue>
</bind>
</comp>

<comp id="32" class="1001" name="const_32">
<pin_list>
<pin id="33" dir="1" index="0" bw="1" slack="0"/>
</pin_list>
<bind>
<StgValue><ssdm name="_ssdm_op_BitSelect.i1.i10.i32"/></StgValue>
</bind>
</comp>

<comp id="34" class="1001" name="const_34">
<pin_list>
<pin id="35" dir="1" index="0" bw="1" slack="0"/>
</pin_list>
<bind>
<StgValue><ssdm name=""/></StgValue>
</bind>
</comp>

<comp id="36" class="1001" name="const_36">
<pin_list>
<pin id="37" dir="1" index="0" bw="1" slack="0"/>
</pin_list>
<bind>
<StgValue><ssdm name="_ssdm_op_Write.ap_fifo.volatile.i10P"/></StgValue>
</bind>
</comp>

<comp id="38" class="1001" name="const_38">
<pin_list>
<pin id="39" dir="1" index="0" bw="1" slack="0"/>
</pin_list>
<bind>
<StgValue><ssdm name=""/></StgValue>
</bind>
</comp>

<comp id="40" class="1004" name="tmp_V_82_read_fu_40">
<pin_list>
<pin id="41" dir="0" index="0" bw="10" slack="0"/>
<pin id="42" dir="0" index="1" bw="10" slack="0"/>
<pin id="43" dir="1" index="2" bw="10" slack="0"/>
</pin_list>
<bind>
<opcode="read(1150) " fcode="read"/>
<opset="tmp_V_82/1 "/>
</bind>
</comp>

<comp id="46" class="1004" name="tmp_V_83_read_fu_46">
<pin_list>
<pin id="47" dir="0" index="0" bw="10" slack="0"/>
<pin id="48" dir="0" index="1" bw="10" slack="0"/>
<pin id="49" dir="1" index="2" bw="10" slack="0"/>
</pin_list>
<bind>
<opcode="read(1150) " fcode="read"/>
<opset="tmp_V_83/1 "/>
</bind>
</comp>

<comp id="52" class="1004" name="tmp_V_84_read_fu_52">
<pin_list>
<pin id="53" dir="0" index="0" bw="10" slack="0"/>
<pin id="54" dir="0" index="1" bw="10" slack="0"/>
<pin id="55" dir="1" index="2" bw="10" slack="0"/>
</pin_list>
<bind>
<opcode="read(1150) " fcode="read"/>
<opset="tmp_V_84/1 "/>
</bind>
</comp>

<comp id="58" class="1004" name="grp_write_fu_58">
<pin_list>
<pin id="59" dir="0" index="0" bw="0" slack="0"/>
<pin id="60" dir="0" index="1" bw="10" slack="0"/>
<pin id="61" dir="0" index="2" bw="10" slack="0"/>
<pin id="62" dir="1" index="3" bw="0" slack="2147483647"/>
</pin_list>
<bind>
<opcode="write(1151) " fcode="write"/>
<opset="write_ln27/2 write_ln35/2 "/>
</bind>
</comp>

<comp id="65" class="1004" name="grp_write_fu_65">
<pin_list>
<pin id="66" dir="0" index="0" bw="0" slack="0"/>
<pin id="67" dir="0" index="1" bw="10" slack="0"/>
<pin id="68" dir="0" index="2" bw="10" slack="0"/>
<pin id="69" dir="1" index="3" bw="0" slack="2147483647"/>
</pin_list>
<bind>
<opcode="write(1151) " fcode="write"/>
<opset="write_ln28/2 write_ln36/2 "/>
</bind>
</comp>

<comp id="72" class="1004" name="grp_write_fu_72">
<pin_list>
<pin id="73" dir="0" index="0" bw="0" slack="0"/>
<pin id="74" dir="0" index="1" bw="10" slack="0"/>
<pin id="75" dir="0" index="2" bw="10" slack="0"/>
<pin id="76" dir="1" index="3" bw="0" slack="2147483647"/>
</pin_list>
<bind>
<opcode="write(1151) " fcode="write"/>
<opset="write_ln29/2 write_ln37/2 "/>
</bind>
</comp>

<comp id="79" class="1004" name="trunc_ln_fu_79">
<pin_list>
<pin id="80" dir="0" index="0" bw="4" slack="0"/>
<pin id="81" dir="0" index="1" bw="10" slack="0"/>
<pin id="82" dir="0" index="2" bw="4" slack="0"/>
<pin id="83" dir="0" index="3" bw="5" slack="0"/>
<pin id="84" dir="1" index="4" bw="4" slack="0"/>
</pin_list>
<bind>
<opcode="partselect(1002) " fcode="partselect"/>
<opset="trunc_ln/1 "/>
</bind>
</comp>

<comp id="89" class="1004" name="r_V_fu_89">
<pin_list>
<pin id="90" dir="0" index="0" bw="4" slack="0"/>
<pin id="91" dir="1" index="1" bw="10" slack="1"/>
</pin_list>
<bind>
<opcode="sext(35) " fcode="sext"/>
<opset="r_V/1 "/>
</bind>
</comp>

<comp id="93" class="1004" name="trunc_ln1333_9_fu_93">
<pin_list>
<pin id="94" dir="0" index="0" bw="4" slack="0"/>
<pin id="95" dir="0" index="1" bw="10" slack="0"/>
<pin id="96" dir="0" index="2" bw="4" slack="0"/>
<pin id="97" dir="0" index="3" bw="5" slack="0"/>
<pin id="98" dir="1" index="4" bw="4" slack="0"/>
</pin_list>
<bind>
<opcode="partselect(1002) " fcode="partselect"/>
<opset="trunc_ln1333_9/1 "/>
</bind>
</comp>

<comp id="103" class="1004" name="r_V_9_fu_103">
<pin_list>
<pin id="104" dir="0" index="0" bw="4" slack="0"/>
<pin id="105" dir="1" index="1" bw="10" slack="1"/>
</pin_list>
<bind>
<opcode="sext(35) " fcode="sext"/>
<opset="r_V_9/1 "/>
</bind>
</comp>

<comp id="107" class="1004" name="tmp_fu_107">
<pin_list>
<pin id="108" dir="0" index="0" bw="1" slack="0"/>
<pin id="109" dir="0" index="1" bw="10" slack="0"/>
<pin id="110" dir="0" index="2" bw="5" slack="0"/>
<pin id="111" dir="1" index="3" bw="1" slack="1"/>
</pin_list>
<bind>
<opcode="bitselect(1000) " fcode="bitselect"/>
<opset="tmp/1 "/>
</bind>
</comp>

<comp id="115" class="1004" name="c_V_fu_115">
<pin_list>
<pin id="116" dir="0" index="0" bw="10" slack="1"/>
<pin id="117" dir="0" index="1" bw="4" slack="1"/>
<pin id="118" dir="1" index="2" bw="10" slack="0"/>
</pin_list>
<bind>
<opcode="sub(10) " fcode="sub"/>
<opset="c_V/2 "/>
</bind>
</comp>

<comp id="120" class="1004" name="s_V_fu_120">
<pin_list>
<pin id="121" dir="0" index="0" bw="10" slack="1"/>
<pin id="122" dir="0" index="1" bw="4" slack="1"/>
<pin id="123" dir="1" index="2" bw="10" slack="0"/>
</pin_list>
<bind>
<opcode="add(8) " fcode="add"/>
<opset="s_V/2 "/>
</bind>
</comp>

<comp id="125" class="1004" name="t_V_fu_125">
<pin_list>
<pin id="126" dir="0" index="0" bw="10" slack="1"/>
<pin id="127" dir="0" index="1" bw="4" slack="0"/>
<pin id="128" dir="1" index="2" bw="10" slack="0"/>
</pin_list>
<bind>
<opcode="add(8) " fcode="add"/>
<opset="t_V/2 "/>
</bind>
</comp>

<comp id="131" class="1004" name="c_V_9_fu_131">
<pin_list>
<pin id="132" dir="0" index="0" bw="10" slack="1"/>
<pin id="133" dir="0" index="1" bw="4" slack="1"/>
<pin id="134" dir="1" index="2" bw="10" slack="0"/>
</pin_list>
<bind>
<opcode="add(8) " fcode="add"/>
<opset="c_V_9/2 "/>
</bind>
</comp>

<comp id="136" class="1004" name="s_V_9_fu_136">
<pin_list>
<pin id="137" dir="0" index="0" bw="10" slack="1"/>
<pin id="138" dir="0" index="1" bw="4" slack="1"/>
<pin id="139" dir="1" index="2" bw="10" slack="0"/>
</pin_list>
<bind>
<opcode="sub(10) " fcode="sub"/>
<opset="s_V_9/2 "/>
</bind>
</comp>

<comp id="141" class="1004" name="t_V_3_fu_141">
<pin_list>
<pin id="142" dir="0" index="0" bw="10" slack="1"/>
<pin id="143" dir="0" index="1" bw="4" slack="0"/>
<pin id="144" dir="1" index="2" bw="10" slack="0"/>
</pin_list>
<bind>
<opcode="add(8) " fcode="add"/>
<opset="t_V_3/2 "/>
</bind>
</comp>

<comp id="147" class="1005" name="tmp_V_82_reg_147">
<pin_list>
<pin id="148" dir="0" index="0" bw="10" slack="1"/>
<pin id="149" dir="1" index="1" bw="10" slack="1"/>
</pin_list>
<bind>
<opset="tmp_V_82 "/>
</bind>
</comp>

<comp id="153" class="1005" name="tmp_V_83_reg_153">
<pin_list>
<pin id="154" dir="0" index="0" bw="10" slack="1"/>
<pin id="155" dir="1" index="1" bw="10" slack="1"/>
</pin_list>
<bind>
<opset="tmp_V_83 "/>
</bind>
</comp>

<comp id="159" class="1005" name="tmp_V_84_reg_159">
<pin_list>
<pin id="160" dir="0" index="0" bw="10" slack="1"/>
<pin id="161" dir="1" index="1" bw="10" slack="1"/>
</pin_list>
<bind>
<opset="tmp_V_84 "/>
</bind>
</comp>

<comp id="165" class="1005" name="r_V_reg_165">
<pin_list>
<pin id="166" dir="0" index="0" bw="10" slack="1"/>
<pin id="167" dir="1" index="1" bw="10" slack="1"/>
</pin_list>
<bind>
<opset="r_V "/>
</bind>
</comp>

<comp id="171" class="1005" name="r_V_9_reg_171">
<pin_list>
<pin id="172" dir="0" index="0" bw="10" slack="1"/>
<pin id="173" dir="1" index="1" bw="10" slack="1"/>
</pin_list>
<bind>
<opset="r_V_9 "/>
</bind>
</comp>

<comp id="177" class="1005" name="tmp_reg_177">
<pin_list>
<pin id="178" dir="0" index="0" bw="1" slack="1"/>
<pin id="179" dir="1" index="1" bw="1" slack="2147483647"/>
</pin_list>
<bind>
<opset="tmp "/>
</bind>
</comp>

</comp_list>

<net_list>
<net id="44"><net_src comp="24" pin="0"/><net_sink comp="40" pin=0"/></net>

<net id="45"><net_src comp="0" pin="0"/><net_sink comp="40" pin=1"/></net>

<net id="50"><net_src comp="24" pin="0"/><net_sink comp="46" pin=0"/></net>

<net id="51"><net_src comp="2" pin="0"/><net_sink comp="46" pin=1"/></net>

<net id="56"><net_src comp="24" pin="0"/><net_sink comp="52" pin=0"/></net>

<net id="57"><net_src comp="4" pin="0"/><net_sink comp="52" pin=1"/></net>

<net id="63"><net_src comp="36" pin="0"/><net_sink comp="58" pin=0"/></net>

<net id="64"><net_src comp="6" pin="0"/><net_sink comp="58" pin=1"/></net>

<net id="70"><net_src comp="36" pin="0"/><net_sink comp="65" pin=0"/></net>

<net id="71"><net_src comp="8" pin="0"/><net_sink comp="65" pin=1"/></net>

<net id="77"><net_src comp="36" pin="0"/><net_sink comp="72" pin=0"/></net>

<net id="78"><net_src comp="10" pin="0"/><net_sink comp="72" pin=1"/></net>

<net id="85"><net_src comp="26" pin="0"/><net_sink comp="79" pin=0"/></net>

<net id="86"><net_src comp="40" pin="2"/><net_sink comp="79" pin=1"/></net>

<net id="87"><net_src comp="28" pin="0"/><net_sink comp="79" pin=2"/></net>

<net id="88"><net_src comp="30" pin="0"/><net_sink comp="79" pin=3"/></net>

<net id="92"><net_src comp="79" pin="4"/><net_sink comp="89" pin=0"/></net>

<net id="99"><net_src comp="26" pin="0"/><net_sink comp="93" pin=0"/></net>

<net id="100"><net_src comp="46" pin="2"/><net_sink comp="93" pin=1"/></net>

<net id="101"><net_src comp="28" pin="0"/><net_sink comp="93" pin=2"/></net>

<net id="102"><net_src comp="30" pin="0"/><net_sink comp="93" pin=3"/></net>

<net id="106"><net_src comp="93" pin="4"/><net_sink comp="103" pin=0"/></net>

<net id="112"><net_src comp="32" pin="0"/><net_sink comp="107" pin=0"/></net>

<net id="113"><net_src comp="52" pin="2"/><net_sink comp="107" pin=1"/></net>

<net id="114"><net_src comp="30" pin="0"/><net_sink comp="107" pin=2"/></net>

<net id="119"><net_src comp="115" pin="2"/><net_sink comp="58" pin=2"/></net>

<net id="124"><net_src comp="120" pin="2"/><net_sink comp="65" pin=2"/></net>

<net id="129"><net_src comp="34" pin="0"/><net_sink comp="125" pin=1"/></net>

<net id="130"><net_src comp="125" pin="2"/><net_sink comp="72" pin=2"/></net>

<net id="135"><net_src comp="131" pin="2"/><net_sink comp="58" pin=2"/></net>

<net id="140"><net_src comp="136" pin="2"/><net_sink comp="65" pin=2"/></net>

<net id="145"><net_src comp="38" pin="0"/><net_sink comp="141" pin=1"/></net>

<net id="146"><net_src comp="141" pin="2"/><net_sink comp="72" pin=2"/></net>

<net id="150"><net_src comp="40" pin="2"/><net_sink comp="147" pin=0"/></net>

<net id="151"><net_src comp="147" pin="1"/><net_sink comp="115" pin=0"/></net>

<net id="152"><net_src comp="147" pin="1"/><net_sink comp="131" pin=0"/></net>

<net id="156"><net_src comp="46" pin="2"/><net_sink comp="153" pin=0"/></net>

<net id="157"><net_src comp="153" pin="1"/><net_sink comp="120" pin=0"/></net>

<net id="158"><net_src comp="153" pin="1"/><net_sink comp="136" pin=0"/></net>

<net id="162"><net_src comp="52" pin="2"/><net_sink comp="159" pin=0"/></net>

<net id="163"><net_src comp="159" pin="1"/><net_sink comp="125" pin=0"/></net>

<net id="164"><net_src comp="159" pin="1"/><net_sink comp="141" pin=0"/></net>

<net id="168"><net_src comp="89" pin="1"/><net_sink comp="165" pin=0"/></net>

<net id="169"><net_src comp="165" pin="1"/><net_sink comp="120" pin=1"/></net>

<net id="170"><net_src comp="165" pin="1"/><net_sink comp="136" pin=1"/></net>

<net id="174"><net_src comp="103" pin="1"/><net_sink comp="171" pin=0"/></net>

<net id="175"><net_src comp="171" pin="1"/><net_sink comp="115" pin=1"/></net>

<net id="176"><net_src comp="171" pin="1"/><net_sink comp="131" pin=1"/></net>

<net id="180"><net_src comp="107" pin="3"/><net_sink comp="177" pin=0"/></net>

</net_list>

</model> 
---------------- Datapath Model END ------------------

* FSMD analyzer results:
  - Output states:
	Port: s_output_cos_V_V | {2 }
	Port: s_output_sin_V_V | {2 }
	Port: s_output_theta_V_V | {2 }
 - Input state : 
	Port: one_stage26 : s_current_cos_V_V | {1 }
	Port: one_stage26 : s_current_sin_V_V | {1 }
	Port: one_stage26 : s_current_theta_V_V | {1 }
  - Chain level:
	State 1
		r_V : 1
		r_V_9 : 1
		br_ln22 : 1
	State 2
		write_ln27 : 1
		write_ln28 : 1
		write_ln29 : 1
		write_ln35 : 1
		write_ln36 : 1
		write_ln37 : 1


============================================================
+ Verbose Summary: Datapath Resource usage 
============================================================

* Functional unit list:
|----------|----------------------|---------|---------|
| Operation|    Functional Unit   |    FF   |   LUT   |
|----------|----------------------|---------|---------|
|          |      s_V_fu_120      |    0    |    14   |
|    add   |      t_V_fu_125      |    0    |    14   |
|          |     c_V_9_fu_131     |    0    |    14   |
|          |     t_V_3_fu_141     |    0    |    14   |
|----------|----------------------|---------|---------|
|    sub   |      c_V_fu_115      |    0    |    14   |
|          |     s_V_9_fu_136     |    0    |    14   |
|----------|----------------------|---------|---------|
|          |  tmp_V_82_read_fu_40 |    0    |    0    |
|   read   |  tmp_V_83_read_fu_46 |    0    |    0    |
|          |  tmp_V_84_read_fu_52 |    0    |    0    |
|----------|----------------------|---------|---------|
|          |    grp_write_fu_58   |    0    |    0    |
|   write  |    grp_write_fu_65   |    0    |    0    |
|          |    grp_write_fu_72   |    0    |    0    |
|----------|----------------------|---------|---------|
|partselect|    trunc_ln_fu_79    |    0    |    0    |
|          | trunc_ln1333_9_fu_93 |    0    |    0    |
|----------|----------------------|---------|---------|
|   sext   |       r_V_fu_89      |    0    |    0    |
|          |     r_V_9_fu_103     |    0    |    0    |
|----------|----------------------|---------|---------|
| bitselect|      tmp_fu_107      |    0    |    0    |
|----------|----------------------|---------|---------|
|   Total  |                      |    0    |    84   |
|----------|----------------------|---------|---------|

Memories:
N/A

* Register list:
+----------------+--------+
|                |   FF   |
+----------------+--------+
|  r_V_9_reg_171 |   10   |
|   r_V_reg_165  |   10   |
|tmp_V_82_reg_147|   10   |
|tmp_V_83_reg_153|   10   |
|tmp_V_84_reg_159|   10   |
|   tmp_reg_177  |    1   |
+----------------+--------+
|      Total     |   51   |
+----------------+--------+

* Multiplexer (MUX) list: 
|-----------------|------|------|------|--------||---------||---------|
|       Comp      |  Pin | Size |  BW  | S x BW ||  Delay  ||   LUT   |
|-----------------|------|------|------|--------||---------||---------|
| grp_write_fu_58 |  p2  |   2  |  10  |   20   ||    9    |
| grp_write_fu_65 |  p2  |   2  |  10  |   20   ||    9    |
| grp_write_fu_72 |  p2  |   2  |  10  |   20   ||    9    |
|-----------------|------|------|------|--------||---------||---------|
|      Total      |      |      |      |   60   ||  5.307  ||    27   |
|-----------------|------|------|------|--------||---------||---------|



* Summary:
+-----------+--------+--------+--------+
|           |  Delay |   FF   |   LUT  |
+-----------+--------+--------+--------+
|  Function |    -   |    0   |   84   |
|   Memory  |    -   |    -   |    -   |
|Multiplexer|    5   |    -   |   27   |
|  Register |    -   |   51   |    -   |
+-----------+--------+--------+--------+
|   Total   |    5   |   51   |   111  |
+-----------+--------+--------+--------+
